<?xml version="1.0" encoding="UTF-8"?>
<!-- Generated by org.testng.reporters.JUnitReportReporter -->
<testsuite hostname="GOD" name="sanity.GoogleClass" tests="1" failures="0" timestamp="2 Aug 2016 17:38:35 GMT" time="9.373" errors="0">
  <testcase name="launchGoogle" time="9.373" classname="sanity.GoogleClass"/>
</testsuite> <!-- sanity.GoogleClass -->
