<?xml version="1.0" encoding="UTF-8"?>
<!-- Generated by org.testng.reporters.JUnitReportReporter -->
<testsuite hostname="GOD" name="sanity.FBClass" tests="1" failures="0" timestamp="2 Aug 2016 17:37:19 GMT" time="9.483" errors="0">
  <testcase name="launchFB" time="9.483" classname="sanity.FBClass"/>
</testsuite> <!-- sanity.FBClass -->
